  Game.cpp
  main.cpp
  Player.cpp
  Scene.cpp
  Shader.cpp
  ShaderProgram.cpp
  Sprite.cpp
  Texture.cpp
  TileMap.cpp
D:\Proyectos\Pang\Project\02-Bubble\TileMap.cpp(34,18): warning C4101: 'imageHeight': variable local sin referencia
D:\Proyectos\Pang\Project\02-Bubble\TileMap.cpp(33,9): warning C4101: 'backgroundTexture': variable local sin referencia
D:\Proyectos\Pang\Project\02-Bubble\TileMap.cpp(34,6): warning C4101: 'imageWidth': variable local sin referencia
D:\Proyectos\Pang\Project\02-Bubble\TileMap.cpp(35,17): warning C4101: 'imageData': variable local sin referencia
D:\Proyectos\Pang\Project\02-Bubble\TileMap.cpp(227,12): warning C4244: '=': conversión de 'float' a 'int'; posible pérdida de datos
D:\Proyectos\Pang\Project\02-Bubble\TileMap.cpp(228,13): warning C4244: '=': conversión de 'float' a 'int'; posible pérdida de datos
D:\Proyectos\Pang\Project\02-Bubble\TileMap.cpp(229,28): warning C4244: '=': conversión de 'float' a 'int'; posible pérdida de datos
D:\Proyectos\Pang\Project\02-Bubble\TileMap.cpp(244,27): warning C4244: '=': conversión de 'float' a 'int'; posible pérdida de datos
D:\Proyectos\Pang\Project\02-Bubble\TileMap.cpp(245,13): warning C4244: '=': conversión de 'float' a 'int'; posible pérdida de datos
D:\Proyectos\Pang\Project\02-Bubble\TileMap.cpp(246,28): warning C4244: '=': conversión de 'float' a 'int'; posible pérdida de datos
D:\Proyectos\Pang\Project\02-Bubble\TileMap.cpp(261,13): warning C4244: '=': conversión de 'float' a 'int'; posible pérdida de datos
D:\Proyectos\Pang\Project\02-Bubble\TileMap.cpp(262,28): warning C4244: '=': conversión de 'float' a 'int'; posible pérdida de datos
D:\Proyectos\Pang\Project\02-Bubble\TileMap.cpp(263,27): warning C4244: '=': conversión de 'float' a 'int'; posible pérdida de datos
D:\Proyectos\Pang\Project\02-Bubble\TileMap.cpp(271,52): warning C4244: '=': conversión de 'float' a 'int'; posible pérdida de datos
  Generando código...
LINK : warning LNK4098: la biblioteca predeterminada'MSVCRT' entra en conflicto con otras bibliotecas; use la biblioteca /NODEFAULTLIB:biblioteca
SOIL.lib(image_DXT.obj) : warning LNK4099: no se encontró PDB '' con 'SOIL.lib(image_DXT.obj)' o en ''; se vinculará el objeto sin tener en cuenta información de depuración
SOIL.lib(image_helper.obj) : warning LNK4099: no se encontró PDB '' con 'SOIL.lib(image_helper.obj)' o en ''; se vinculará el objeto sin tener en cuenta información de depuración
SOIL.lib(SOIL.obj) : warning LNK4099: no se encontró PDB '' con 'SOIL.lib(SOIL.obj)' o en ''; se vinculará el objeto sin tener en cuenta información de depuración
SOIL.lib(stb_image_aug.obj) : warning LNK4099: no se encontró PDB '' con 'SOIL.lib(stb_image_aug.obj)' o en ''; se vinculará el objeto sin tener en cuenta información de depuración
  02-Bubble.vcxproj -> D:\Proyectos\Pang\Project\Debug\02-Bubble.exe
